<?xml version="1.0" encoding="UTF-8"?>
<!-- Generated by org.testng.reporters.JUnitXMLReporter -->
<testsuite ignored="0" hostname="DESKTOP-G8O6OG0" failures="1" tests="3" name="Test" time="18.964" errors="0" timestamp="2025-09-09T10:59:37 IST">
  <testcase classname="com.MyTests.D06TestNGReport" name="loginToOHRM_Success" time="6.052"/>
  <testcase classname="com.MyTests.D06TestNGReport" name="loginToOHRM_Fail" time="1.621">
    <failure type="java.lang.AssertionError" message="expected [true] but found [false]">
      <![CDATA[java.lang.AssertionError: expected [true] but found [false]
at com.MyTests.D06TestNGReport.loginToOHRM_Fail(D06TestNGReport.java:56)
at java.base/java.util.ArrayList.forEach(ArrayList.java:1511)
... Removed 31 stack frames]]>
    </failure>
  </testcase> <!-- loginToOHRM_Fail -->
  <testcase classname="com.MyTests.D06TestNGReport" name="loginToOHRM_Skip" time="0.007">
    <skipped/>
  </testcase> <!-- loginToOHRM_Skip -->
</testsuite> <!-- Test -->
