<?xml version="1.0" encoding="UTF-8"?>
<testng-results ignored="0" total="5" passed="5" failed="0" skipped="0">
  <reporter-output>
  </reporter-output>
  <suite started-at="2025-09-02T11:20:56 IST" name="Default suite" finished-at="2025-09-02T11:21:26 IST" duration-ms="30542">
    <groups>
    </groups>
    <test started-at="2025-09-02T11:20:56 IST" name="Default test" finished-at="2025-09-02T11:21:26 IST" duration-ms="30542">
      <class name="com.TestNGDemos.D13LoginToOHRM_DDF">
        <test-method is-config="true" signature="beforeTest()[pri:0, instance:com.TestNGDemos.D13LoginToOHRM_DDF@6ed3ccb2]" started-at="2025-09-02T11:20:56 IST" name="beforeTest" finished-at="2025-09-02T11:21:09 IST" duration-ms="12800" status="PASS">
          <reporter-output>
          </reporter-output>
        </test-method> <!-- beforeTest -->
        <test-method signature="login(java.lang.String,java.lang.String)[pri:0, instance:com.TestNGDemos.D13LoginToOHRM_DDF@6ed3ccb2]" started-at="2025-09-02T11:21:09 IST" name="login" data-provider="getLoginDetails" finished-at="2025-09-02T11:21:10 IST" duration-ms="1052" status="PASS">
          <params>
            <param index="0">
              <value>
                <![CDATA[admin]]>
              </value>
            </param>
            <param index="1">
              <value>
                <![CDATA[admin123]]>
              </value>
            </param>
          </params>
          <reporter-output>
          </reporter-output>
        </test-method> <!-- login -->
        <test-method is-config="true" signature="logout()[pri:0, instance:com.TestNGDemos.D13LoginToOHRM_DDF@6ed3ccb2]" started-at="2025-09-02T11:21:10 IST" name="logout" finished-at="2025-09-02T11:21:16 IST" duration-ms="6023" status="PASS">
          <reporter-output>
          </reporter-output>
        </test-method> <!-- logout -->
        <test-method signature="login(java.lang.String,java.lang.String)[pri:0, instance:com.TestNGDemos.D13LoginToOHRM_DDF@6ed3ccb2]" started-at="2025-09-02T11:21:16 IST" name="login" data-provider="getLoginDetails" finished-at="2025-09-02T11:21:18 IST" duration-ms="1648" status="PASS">
          <params>
            <param index="0">
              <value>
                <![CDATA[kajal]]>
              </value>
            </param>
            <param index="1">
              <value>
                <![CDATA[kajal123]]>
              </value>
            </param>
          </params>
          <reporter-output>
          </reporter-output>
        </test-method> <!-- login -->
        <test-method is-config="true" signature="logout()[pri:0, instance:com.TestNGDemos.D13LoginToOHRM_DDF@6ed3ccb2]" started-at="2025-09-02T11:21:18 IST" name="logout" finished-at="2025-09-02T11:21:18 IST" duration-ms="465" status="PASS">
          <reporter-output>
          </reporter-output>
        </test-method> <!-- logout -->
        <test-method signature="login(java.lang.String,java.lang.String)[pri:0, instance:com.TestNGDemos.D13LoginToOHRM_DDF@6ed3ccb2]" started-at="2025-09-02T11:21:18 IST" name="login" data-provider="getLoginDetails" finished-at="2025-09-02T11:21:19 IST" duration-ms="1264" status="PASS">
          <params>
            <param index="0">
              <value>
                <![CDATA[ankush]]>
              </value>
            </param>
            <param index="1">
              <value>
                <![CDATA[ankush123]]>
              </value>
            </param>
          </params>
          <reporter-output>
          </reporter-output>
        </test-method> <!-- login -->
        <test-method is-config="true" signature="logout()[pri:0, instance:com.TestNGDemos.D13LoginToOHRM_DDF@6ed3ccb2]" started-at="2025-09-02T11:21:19 IST" name="logout" finished-at="2025-09-02T11:21:20 IST" duration-ms="543" status="PASS">
          <reporter-output>
          </reporter-output>
        </test-method> <!-- logout -->
        <test-method signature="login(java.lang.String,java.lang.String)[pri:0, instance:com.TestNGDemos.D13LoginToOHRM_DDF@6ed3ccb2]" started-at="2025-09-02T11:21:20 IST" name="login" data-provider="getLoginDetails" finished-at="2025-09-02T11:21:21 IST" duration-ms="1464" status="PASS">
          <params>
            <param index="0">
              <value>
                <![CDATA[admin]]>
              </value>
            </param>
            <param index="1">
              <value>
                <![CDATA[admin123]]>
              </value>
            </param>
          </params>
          <reporter-output>
          </reporter-output>
        </test-method> <!-- login -->
        <test-method is-config="true" signature="logout()[pri:0, instance:com.TestNGDemos.D13LoginToOHRM_DDF@6ed3ccb2]" started-at="2025-09-02T11:21:21 IST" name="logout" finished-at="2025-09-02T11:21:24 IST" duration-ms="2357" status="PASS">
          <reporter-output>
          </reporter-output>
        </test-method> <!-- logout -->
        <test-method signature="login(java.lang.String,java.lang.String)[pri:0, instance:com.TestNGDemos.D13LoginToOHRM_DDF@6ed3ccb2]" started-at="2025-09-02T11:21:24 IST" name="login" data-provider="getLoginDetails" finished-at="2025-09-02T11:21:25 IST" duration-ms="1866" status="PASS">
          <params>
            <param index="0">
              <value>
                <![CDATA[megha]]>
              </value>
            </param>
            <param index="1">
              <value>
                <![CDATA[megha123]]>
              </value>
            </param>
          </params>
          <reporter-output>
          </reporter-output>
        </test-method> <!-- login -->
        <test-method is-config="true" signature="logout()[pri:0, instance:com.TestNGDemos.D13LoginToOHRM_DDF@6ed3ccb2]" started-at="2025-09-02T11:21:25 IST" name="logout" finished-at="2025-09-02T11:21:26 IST" duration-ms="530" status="PASS">
          <reporter-output>
          </reporter-output>
        </test-method> <!-- logout -->
        <test-method is-config="true" signature="afterTest()[pri:0, instance:com.TestNGDemos.D13LoginToOHRM_DDF@6ed3ccb2]" started-at="2025-09-02T11:21:26 IST" name="afterTest" finished-at="2025-09-02T11:21:26 IST" duration-ms="417" status="PASS">
          <reporter-output>
          </reporter-output>
        </test-method> <!-- afterTest -->
      </class> <!-- com.TestNGDemos.D13LoginToOHRM_DDF -->
    </test> <!-- Default test -->
  </suite> <!-- Default suite -->
</testng-results>
