<?xml version="1.0" encoding="UTF-8"?>
<testng-results ignored="0" total="2" passed="2" failed="0" skipped="0">
  <reporter-output>
  </reporter-output>
  <suite started-at="2025-09-17T09:54:46 IST" name="Default suite" finished-at="2025-09-17T09:54:46 IST" duration-ms="184">
    <groups>
    </groups>
    <test started-at="2025-09-17T09:54:46 IST" name="Default test" finished-at="2025-09-17T09:54:46 IST" duration-ms="184">
      <class name="com.MyTests.D11IndiceDemo">
        <test-method signature="myTest(java.lang.Integer,java.lang.String)[pri:0, instance:com.MyTests.D11IndiceDemo@41d477ed]" started-at="2025-09-17T09:54:46 IST" name="myTest" data-provider="dp" finished-at="2025-09-17T09:54:46 IST" duration-ms="13" status="PASS">
          <params>
            <param index="0">
              <value>
                <![CDATA[3]]>
              </value>
            </param>
            <param index="1">
              <value>
                <![CDATA[c]]>
              </value>
            </param>
          </params>
          <reporter-output>
          </reporter-output>
        </test-method> <!-- myTest -->
        <test-method signature="myTest(java.lang.Integer,java.lang.String)[pri:0, instance:com.MyTests.D11IndiceDemo@41d477ed]" started-at="2025-09-17T09:54:46 IST" name="myTest" data-provider="dp" finished-at="2025-09-17T09:54:46 IST" duration-ms="5" status="PASS">
          <params>
            <param index="0">
              <value>
                <![CDATA[5]]>
              </value>
            </param>
            <param index="1">
              <value>
                <![CDATA[e]]>
              </value>
            </param>
          </params>
          <reporter-output>
          </reporter-output>
        </test-method> <!-- myTest -->
      </class> <!-- com.MyTests.D11IndiceDemo -->
    </test> <!-- Default test -->
  </suite> <!-- Default suite -->
</testng-results>
