<?xml version="1.0" encoding="UTF-8"?>
<!-- Generated by org.testng.reporters.JUnitReportReporter -->
<testsuite hostname="DESKTOP-G8O6OG0" failures="0" tests="4" name="com.TestNGDemos.D03Before_After_Test" time="16.872" errors="0" timestamp="2025-08-22T10:27:44 IST" skipped="0">
  <testcase classname="com.TestNGDemos.D03Before_After_Test" name="testMyntra" time="4.281"/>
  <testcase classname="com.TestNGDemos.D03Before_After_Test" name="testMeesho" time="3.046"/>
  <testcase classname="com.TestNGDemos.D03Before_After_Test" name="testAmazon" time="5.733"/>
  <testcase classname="com.TestNGDemos.D03Before_After_Test" name="testFlipkart" time="3.812"/>
</testsuite> <!-- com.TestNGDemos.D03Before_After_Test -->
