<?xml version="1.0" encoding="UTF-8"?>
<!-- Generated by org.testng.reporters.JUnitReportReporter -->
<testsuite hostname="DESKTOP-G8O6OG0" failures="0" tests="2" name="com.TestNGDemos.D12ReadingFromExcel" time="0.028" errors="0" timestamp="2025-09-02T10:24:34 IST" skipped="1">
  <testcase classname="com.TestNGDemos.D12ReadingFromExcel" name="getAllData" time="0.028"/>
  <testcase classname="com.TestNGDemos.D12ReadingFromExcel" name="readData">
    <skipped/>
  </testcase> <!-- readData -->
</testsuite> <!-- com.TestNGDemos.D12ReadingFromExcel -->
