<?xml version="1.0" encoding="UTF-8"?>
<!-- Generated by org.testng.reporters.JUnitReportReporter -->
<testsuite hostname="DESKTOP-G8O6OG0" failures="0" tests="4" name="com.TestNGDemos.D02TestShoppingApps" time="23.212" errors="0" timestamp="2025-08-22T09:59:40 IST" skipped="0">
  <testcase classname="com.TestNGDemos.D02TestShoppingApps" name="testMyntra" time="7.310"/>
  <testcase classname="com.TestNGDemos.D02TestShoppingApps" name="testMeesho" time="3.502"/>
  <testcase classname="com.TestNGDemos.D02TestShoppingApps" name="testAmazon" time="6.705"/>
  <testcase classname="com.TestNGDemos.D02TestShoppingApps" name="testFlipkart" time="5.695"/>
</testsuite> <!-- com.TestNGDemos.D02TestShoppingApps -->
