<?xml version="1.0" encoding="UTF-8"?>
<!-- Generated by org.testng.reporters.JUnitReportReporter -->
<testsuite hostname="DESKTOP-G8O6OG0" failures="0" tests="5" name="com.TestNGDemos.D13LoginToOHRM_DDF" time="17.212" errors="0" timestamp="2025-09-02T11:21:27 IST" skipped="0">
  <testcase classname="com.TestNGDemos.D13LoginToOHRM_DDF" name="login" time="7.075"/>
  <testcase classname="com.TestNGDemos.D13LoginToOHRM_DDF" name="login" time="2.409"/>
  <testcase classname="com.TestNGDemos.D13LoginToOHRM_DDF" name="login" time="1.729"/>
  <testcase classname="com.TestNGDemos.D13LoginToOHRM_DDF" name="login" time="2.178"/>
  <testcase classname="com.TestNGDemos.D13LoginToOHRM_DDF" name="login" time="3.821"/>
</testsuite> <!-- com.TestNGDemos.D13LoginToOHRM_DDF -->
