<?xml version="1.0" encoding="UTF-8"?>
<!-- Generated by org.testng.reporters.JUnitReportReporter -->
<testsuite hostname="DESKTOP-G8O6OG0" failures="0" tests="4" name="com.TestNGDemos.D04Before_After_Metod" time="14.093" errors="0" timestamp="2025-08-22T10:35:53 IST" skipped="0">
  <testcase classname="com.TestNGDemos.D04Before_After_Metod" name="testMyntra" time="3.784"/>
  <testcase classname="com.TestNGDemos.D04Before_After_Metod" name="testMeesho" time="3.392"/>
  <testcase classname="com.TestNGDemos.D04Before_After_Metod" name="testAmazon" time="3.502"/>
  <testcase classname="com.TestNGDemos.D04Before_After_Metod" name="testFlipkart" time="3.415"/>
</testsuite> <!-- com.TestNGDemos.D04Before_After_Metod -->
