<?xml version="1.0" encoding="UTF-8"?>
<!-- Generated by org.testng.reporters.JUnitReportReporter -->
<testsuite hostname="DESKTOP-G8O6OG0" failures="0" tests="4" name="com.TestNGDemos.D06DataProviderDemo" time="10.663" errors="0" timestamp="2025-08-23T14:23:44 IST" skipped="0">
  <testcase classname="com.TestNGDemos.D06DataProviderDemo" name="login" time="1.301"/>
  <testcase classname="com.TestNGDemos.D06DataProviderDemo" name="login" time="3.885"/>
  <testcase classname="com.TestNGDemos.D06DataProviderDemo" name="login" time="3.820"/>
  <testcase classname="com.TestNGDemos.D06DataProviderDemo" name="login" time="1.657"/>
</testsuite> <!-- com.TestNGDemos.D06DataProviderDemo -->
