<?xml version="1.0" encoding="UTF-8"?>
<!-- Generated by org.testng.reporters.JUnitReportReporter -->
<testsuite hostname="DESKTOP-G8O6OG0" failures="0" tests="4" name="com.TestNGDemos.D03Before_After_Test" time="10.109" errors="0" timestamp="2025-08-24T11:27:06 IST" skipped="0">
  <testcase classname="com.TestNGDemos.D03Before_After_Test" name="testMyntra" time="4.395"/>
  <testcase classname="com.TestNGDemos.D03Before_After_Test" name="testMeesho" time="0.801"/>
  <testcase classname="com.TestNGDemos.D03Before_After_Test" name="testAmazon" time="1.657"/>
  <testcase classname="com.TestNGDemos.D03Before_After_Test" name="testFlipkart" time="3.256"/>
</testsuite> <!-- com.TestNGDemos.D03Before_After_Test -->
