<?xml version="1.0" encoding="UTF-8"?>
<!-- Generated by org.testng.reporters.JUnitReportReporter -->
<testsuite hostname="DESKTOP-G8O6OG0" failures="0" tests="3" name="com.TestNGDemos.D05BigbasketAssignment" time="30.972" errors="0" timestamp="2025-08-23T15:52:50 IST" skipped="0">
  <testcase classname="com.TestNGDemos.D05BigbasketAssignment" name="testExoticFruit" time="9.542"/>
  <testcase classname="com.TestNGDemos.D05BigbasketAssignment" name="testTea" time="10.043"/>
  <testcase classname="com.TestNGDemos.D05BigbasketAssignment" name="testGhee" time="11.387"/>
</testsuite> <!-- com.TestNGDemos.D05BigbasketAssignment -->
