<?xml version="1.0" encoding="UTF-8"?>
<!-- Generated by org.testng.reporters.JUnitReportReporter -->
<testsuite hostname="DESKTOP-G8O6OG0" failures="0" tests="4" name="com.TestNGDemos.D06DataProviderDemo" time="12.801" errors="0" timestamp="2025-08-24T11:27:06 IST" skipped="0">
  <testcase classname="com.TestNGDemos.D06DataProviderDemo" name="login" time="4.431"/>
  <testcase classname="com.TestNGDemos.D06DataProviderDemo" name="login" time="1.844"/>
  <testcase classname="com.TestNGDemos.D06DataProviderDemo" name="login" time="3.086"/>
  <testcase classname="com.TestNGDemos.D06DataProviderDemo" name="login" time="3.440"/>
</testsuite> <!-- com.TestNGDemos.D06DataProviderDemo -->
