<?xml version="1.0" encoding="UTF-8"?>
<!-- Generated by org.testng.reporters.JUnitReportReporter -->
<testsuite hostname="DESKTOP-G8O6OG0" failures="0" tests="3" name="com.Assignments.LoginToOHRM" time="8.429" errors="0" timestamp="2025-08-22T10:58:24 IST" skipped="0">
  <testcase classname="com.Assignments.LoginToOHRM" name="loginToOHRM1" time="3.816"/>
  <testcase classname="com.Assignments.LoginToOHRM" name="loginToOHRM3" time="1.275"/>
  <testcase classname="com.Assignments.LoginToOHRM" name="loginToOHRM2" time="3.338"/>
</testsuite> <!-- com.Assignments.LoginToOHRM -->
