<?xml version="1.0" encoding="UTF-8"?>
<!-- Generated by org.testng.reporters.JUnitReportReporter -->
<testsuite hostname="DESKTOP-G8O6OG0" failures="0" tests="4" name="com.TestNGDemos.D11CreateLoginDetails" time="0.053" errors="0" timestamp="2025-09-02T09:51:18 IST" skipped="0">
  <testcase classname="com.TestNGDemos.D11CreateLoginDetails" name="createLoginData" time="0.010"/>
  <testcase classname="com.TestNGDemos.D11CreateLoginDetails" name="createLoginData" time="0.007"/>
  <testcase classname="com.TestNGDemos.D11CreateLoginDetails" name="createLoginData" time="0.017"/>
  <testcase classname="com.TestNGDemos.D11CreateLoginDetails" name="createLoginData" time="0.019"/>
</testsuite> <!-- com.TestNGDemos.D11CreateLoginDetails -->
