<?xml version="1.0" encoding="UTF-8"?>
<!-- Generated by org.testng.reporters.JUnitReportReporter -->
<testsuite hostname="DESKTOP-G8O6OG0" failures="0" tests="2" name="com.TestNGDemos.D05BigbasketAssignment" time="20.715" errors="0" timestamp="2025-08-24T11:48:35 IST" skipped="0">
  <testcase classname="com.TestNGDemos.D05BigbasketAssignment" name="testExoticFruit" time="11.548"/>
  <testcase classname="com.TestNGDemos.D05BigbasketAssignment" name="testNandhini" time="9.167"/>
</testsuite> <!-- com.TestNGDemos.D05BigbasketAssignment -->
