<?xml version="1.0" encoding="UTF-8"?>
<!-- Generated by org.testng.reporters.JUnitReportReporter -->
<testsuite hostname="DESKTOP-G8O6OG0" failures="0" tests="4" name="com.TestNGDemos.D04Before_After_Metod" time="11.145" errors="0" timestamp="2025-08-24T11:27:06 IST" skipped="0">
  <testcase classname="com.TestNGDemos.D04Before_After_Metod" name="testMyntra" time="7.685"/>
  <testcase classname="com.TestNGDemos.D04Before_After_Metod" name="testMeesho" time="0.894"/>
  <testcase classname="com.TestNGDemos.D04Before_After_Metod" name="testAmazon" time="1.651"/>
  <testcase classname="com.TestNGDemos.D04Before_After_Metod" name="testFlipkart" time="0.915"/>
</testsuite> <!-- com.TestNGDemos.D04Before_After_Metod -->
