<?xml version="1.0" encoding="UTF-8"?>
<!-- Generated by org.testng.reporters.JUnitXMLReporter -->
<testsuite ignored="2" hostname="DESKTOP-G8O6OG0" failures="0" tests="2" name="Execute Single Test" time="26.447" errors="0" timestamp="2025-08-23T15:47:19 IST">
  <testcase classname="com.TestNGDemos.D05BigbasketAssignment" name="testExoticFruit" time="0.42"/>
  <testcase classname="com.TestNGDemos.D05BigbasketAssignment" name="testNandhini" time="0.278"/>
  <testcase classname="com.TestNGDemos.D05BigbasketAssignment" name="testGhee" time="0.0">
    <ignored/>
  </testcase> <!-- testGhee -->
  <testcase classname="com.TestNGDemos.D05BigbasketAssignment" name="testTea" time="0.0">
    <ignored/>
  </testcase> <!-- testTea -->
</testsuite> <!-- Execute Single Test -->
