<?xml version="1.0" encoding="UTF-8"?>
<!-- Generated by org.testng.reporters.JUnitXMLReporter -->
<testsuite ignored="0" hostname="DESKTOP-G8O6OG0" failures="0" tests="4" name="Parallel Execution" time="18.179" errors="0" timestamp="2025-08-24T12:07:28 IST">
  <testcase classname="com.TestNGDemos.D02TestShoppingApps" name="testMeesho" time="9.722"/>
  <testcase classname="com.TestNGDemos.D02TestShoppingApps" name="testAmazon" time="13.681"/>
  <testcase classname="com.TestNGDemos.D02TestShoppingApps" name="testMyntra" time="16.175"/>
  <testcase classname="com.TestNGDemos.D02TestShoppingApps" name="testFlipkart" time="8.369"/>
</testsuite> <!-- Parallel Execution -->
