<?xml version="1.0" encoding="UTF-8"?>
<!-- Generated by org.testng.reporters.JUnitXMLReporter -->
<testsuite ignored="1" hostname="DESKTOP-G8O6OG0" failures="0" tests="3" name="Skip Single Tests" time="35.578" errors="0" timestamp="2025-08-23T15:52:49 IST">
  <testcase classname="com.TestNGDemos.D05BigbasketAssignment" name="testExoticFruit" time="0.303"/>
  <testcase classname="com.TestNGDemos.D05BigbasketAssignment" name="testTea" time="0.293"/>
  <testcase classname="com.TestNGDemos.D05BigbasketAssignment" name="testGhee" time="0.313"/>
  <testcase classname="com.TestNGDemos.D05BigbasketAssignment" name="testNandhini" time="0.0">
    <ignored/>
  </testcase> <!-- testNandhini -->
</testsuite> <!-- Skip Single Tests -->
