<?xml version="1.0" encoding="UTF-8"?>
<!-- Generated by org.testng.reporters.JUnitXMLReporter -->
<testsuite ignored="0" hostname="DESKTOP-G8O6OG0" failures="2" tests="25" name="Skip Single Tests" time="151.143" errors="0" timestamp="2025-08-24T11:27:06 IST">
  <testcase classname="com.TestNGDemos.D01FirstTest" name="openGoogle" time="6.886"/>
  <testcase classname="com.TestNGDemos.D02TestShoppingApps" name="testMyntra" time="10.24"/>
  <testcase classname="com.TestNGDemos.D02TestShoppingApps" name="testMeesho" time="3.156"/>
  <testcase classname="com.TestNGDemos.D02TestShoppingApps" name="testAmazon" time="4.091"/>
  <testcase classname="com.TestNGDemos.D02TestShoppingApps" name="testFlipkart" time="5.275"/>
  <testcase classname="com.TestNGDemos.D03Before_After_Test" name="testMyntra" time="4.395"/>
  <testcase classname="com.TestNGDemos.D03Before_After_Test" name="testMeesho" time="0.801"/>
  <testcase classname="com.TestNGDemos.D03Before_After_Test" name="testAmazon" time="1.657"/>
  <testcase classname="com.TestNGDemos.D03Before_After_Test" name="testFlipkart" time="3.256"/>
  <testcase classname="com.TestNGDemos.D04Before_After_Metod" name="testMyntra" time="4.901"/>
  <testcase classname="com.TestNGDemos.D04Before_After_Metod" name="testMeesho" time="0.882"/>
  <testcase classname="com.TestNGDemos.D04Before_After_Metod" name="testAmazon" time="1.622"/>
  <testcase classname="com.TestNGDemos.D04Before_After_Metod" name="testFlipkart" time="0.83"/>
  <testcase classname="com.TestNGDemos.D05BigbasketAssignment" name="testExoticFruit" time="0.452"/>
  <testcase classname="com.TestNGDemos.D05BigbasketAssignment" name="testTea" time="0.312"/>
  <testcase classname="com.TestNGDemos.D05BigbasketAssignment" name="testGhee" time="0.244"/>
  <testcase classname="com.TestNGDemos.D05BigbasketAssignment" name="testNandhini" time="0.303"/>
  <testcase classname="com.TestNGDemos.D06DataProviderDemo" name="login" time="3.056"/>
  <testcase classname="com.TestNGDemos.D06DataProviderDemo" name="login" time="1.551"/>
  <testcase classname="com.TestNGDemos.D06DataProviderDemo" name="login" time="1.815"/>
  <testcase classname="com.TestNGDemos.D06DataProviderDemo" name="login" time="1.633"/>
  <testcase classname="com.TestNGDemos.D07AssertionDemo" name="login" time="2.283"/>
  <testcase classname="com.TestNGDemos.D07AssertionDemo" name="login" time="1.565">
    <failure type="java.lang.AssertionError" message="Invalid credentials expected [true] but found [false]">
      <![CDATA[java.lang.AssertionError: Invalid credentials expected [true] but found [false]
at com.TestNGDemos.D07AssertionDemo.login(D07AssertionDemo.java:28)
at java.base/java.util.ArrayList.forEach(ArrayList.java:1511)
... Removed 30 stack frames]]>
    </failure>
  </testcase> <!-- login -->
  <testcase classname="com.TestNGDemos.D07AssertionDemo" name="login" time="1.934"/>
  <testcase classname="com.TestNGDemos.D07AssertionDemo" name="login" time="1.585">
    <failure type="java.lang.AssertionError" message="Invalid credentials expected [true] but found [false]">
      <![CDATA[java.lang.AssertionError: Invalid credentials expected [true] but found [false]
at com.TestNGDemos.D07AssertionDemo.login(D07AssertionDemo.java:28)
at java.base/java.util.ArrayList.forEach(ArrayList.java:1511)
... Removed 30 stack frames]]>
    </failure>
  </testcase> <!-- login -->
</testsuite> <!-- Skip Single Tests -->
