<?xml version="1.0" encoding="UTF-8"?>
<!-- Generated by org.testng.reporters.JUnitXMLReporter -->
<testsuite ignored="0" hostname="DESKTOP-G8O6OG0" failures="0" tests="3" name="Default test" time="16.611" errors="0" timestamp="2025-08-22T10:58:24 IST">
  <testcase classname="com.Assignments.LoginToOHRM" name="loginToOHRM1" time="1.931"/>
  <testcase classname="com.Assignments.LoginToOHRM" name="loginToOHRM2" time="1.638"/>
  <testcase classname="com.Assignments.LoginToOHRM" name="loginToOHRM3" time="1.265"/>
</testsuite> <!-- Default test -->
