<?xml version="1.0" encoding="UTF-8"?>
<!-- Generated by org.testng.reporters.JUnitReportReporter -->
<testsuite hostname="DESKTOP-G8O6OG0" failures="0" tests="3" name="com.MyTests.D04ReadingFromExcel_DataProvider" time="0.039" errors="0" timestamp="2025-09-06T10:34:13 IST" skipped="0">
  <testcase classname="com.MyTests.D04ReadingFromExcel_DataProvider" name="showData" time="0.026"/>
  <testcase classname="com.MyTests.D04ReadingFromExcel_DataProvider" name="showData" time="0.008"/>
  <testcase classname="com.MyTests.D04ReadingFromExcel_DataProvider" name="showData" time="0.005"/>
</testsuite> <!-- com.MyTests.D04ReadingFromExcel_DataProvider -->
