<?xml version="1.0" encoding="UTF-8"?>
<!-- Generated by org.testng.reporters.JUnitReportReporter -->
<testsuite hostname="DESKTOP-G8O6OG0" failures="0" tests="10" name="com.MyTests.D09InvocationCount" time="0.082" errors="0" timestamp="2025-09-17T09:40:45 IST" skipped="0">
  <testcase classname="com.MyTests.D09InvocationCount" name="myTest" time="0.005"/>
  <testcase classname="com.MyTests.D09InvocationCount" name="myTest" time="0.004"/>
  <testcase classname="com.MyTests.D09InvocationCount" name="mySecondTest" time="0.003"/>
  <testcase classname="com.MyTests.D09InvocationCount" name="myTest" time="0.004"/>
  <testcase classname="com.MyTests.D09InvocationCount" name="mySecondTest" time="0.003"/>
  <testcase classname="com.MyTests.D09InvocationCount" name="myTest" time="0.006"/>
  <testcase classname="com.MyTests.D09InvocationCount" name="mySecondTest" time="0.032"/>
  <testcase classname="com.MyTests.D09InvocationCount" name="myTest" time="0.006"/>
  <testcase classname="com.MyTests.D09InvocationCount" name="mySecondTest" time="0.012"/>
  <testcase classname="com.MyTests.D09InvocationCount" name="mySecondTest" time="0.007"/>
</testsuite> <!-- com.MyTests.D09InvocationCount -->
