<?xml version="1.0" encoding="UTF-8"?>
<!-- Generated by org.testng.reporters.JUnitXMLReporter -->
<testsuite ignored="2" hostname="DESKTOP-G8O6OG0" failures="0" tests="2" name="Execute Groups" time="25.107" errors="0" timestamp="2025-08-24T11:48:34 IST">
  <testcase classname="com.TestNGDemos.D05BigbasketAssignment" name="testExoticFruit" time="0.291"/>
  <testcase classname="com.TestNGDemos.D05BigbasketAssignment" name="testNandhini" time="0.235"/>
  <testcase classname="com.TestNGDemos.D05BigbasketAssignment" name="testGhee" time="0.0">
    <ignored/>
  </testcase> <!-- testGhee -->
  <testcase classname="com.TestNGDemos.D05BigbasketAssignment" name="testTea" time="0.0">
    <ignored/>
  </testcase> <!-- testTea -->
</testsuite> <!-- Execute Groups -->
