<?xml version="1.0" encoding="UTF-8"?>
<!-- Generated by org.testng.reporters.JUnitXMLReporter -->
<testsuite ignored="1" hostname="DESKTOP-G8O6OG0" failures="1" tests="2" name="Test(failed)" time="9.595" errors="0" timestamp="2025-09-10T07:26:04 IST">
  <testcase classname="com.MyTests.D06TestNGReport" name="loginToOHRM_Fail" time="2.029">
    <failure type="java.lang.AssertionError" message="expected [true] but found [false]">
      <![CDATA[java.lang.AssertionError: expected [true] but found [false]
at com.MyTests.D06TestNGReport.loginToOHRM_Fail(D06TestNGReport.java:56)
at java.base/java.util.ArrayList.forEach(ArrayList.java:1511)
... Removed 31 stack frames]]>
    </failure>
  </testcase> <!-- loginToOHRM_Fail -->
  <testcase classname="com.MyTests.D06TestNGReport" name="loginToOHRM_Skip" time="0.003">
    <skipped/>
  </testcase> <!-- loginToOHRM_Skip -->
  <testcase classname="com.MyTests.D06TestNGReport" name="loginToOHRM_Success" time="0.0">
    <ignored/>
  </testcase> <!-- loginToOHRM_Success -->
</testsuite> <!-- Test(failed) -->
